<?xml version="1.0" encoding="UTF-8"?>
<coverage generated="1745784539311" clover="3.2.0">
  <project timestamp="1745784539312" name="All files">
    <metrics statements="57" coveredstatements="22" conditionals="16" coveredconditionals="3" methods="15" coveredmethods="6" elements="88" coveredelements="31" complexity="0" loc="57" ncloc="57" packages="1" files="1" classes="1"/>
    <file name="FormAva.tsx" path="C:\Users\carla\OneDrive\Documentos\devinhouse\testes-unit-rios-app-avalia-aqui-frontend-back-end\src\pages\FormAva.tsx">
      <metrics statements="57" coveredstatements="22" conditionals="16" coveredconditionals="3" methods="15" coveredmethods="6"/>
      <line num="28" count="15" type="stmt"/>
      <line num="29" count="14" type="stmt"/>
      <line num="30" count="14" type="stmt"/>
      <line num="31" count="14" type="stmt"/>
      <line num="32" count="14" type="stmt"/>
      <line num="33" count="14" type="stmt"/>
      <line num="34" count="14" type="stmt"/>
      <line num="36" count="14" type="stmt"/>
      <line num="38" count="14" type="stmt"/>
      <line num="44" count="14" type="stmt"/>
      <line num="45" count="5" type="stmt"/>
      <line num="48" count="5" type="stmt"/>
      <line num="49" count="2" type="stmt"/>
      <line num="51" count="5" type="stmt"/>
      <line num="54" count="0" type="stmt"/>
      <line num="58" count="14" type="stmt"/>
      <line num="59" count="0" type="cond" truecount="0" falsecount="6"/>
      <line num="61" count="0" type="stmt"/>
      <line num="62" count="0" type="stmt"/>
      <line num="64" count="0" type="stmt"/>
      <line num="65" count="0" type="stmt"/>
      <line num="67" count="0" type="stmt"/>
      <line num="68" count="0" type="stmt"/>
      <line num="70" count="0" type="stmt"/>
      <line num="71" count="0" type="stmt"/>
      <line num="73" count="0" type="stmt"/>
      <line num="74" count="0" type="stmt"/>
      <line num="79" count="14" type="stmt"/>
      <line num="80" count="2" type="cond" truecount="2" falsecount="4"/>
      <line num="81" count="2" type="stmt"/>
      <line num="82" count="2" type="stmt"/>
      <line num="85" count="0" type="stmt"/>
      <line num="86" count="0" type="stmt"/>
      <line num="87" count="0" type="stmt"/>
      <line num="90" count="0" type="cond" truecount="0" falsecount="2"/>
      <line num="91" count="0" type="stmt"/>
      <line num="92" count="0" type="stmt"/>
      <line num="95" count="0" type="stmt"/>
      <line num="104" count="0" type="stmt"/>
      <line num="106" count="0" type="stmt"/>
      <line num="108" count="0" type="stmt"/>
      <line num="111" count="0" type="stmt"/>
      <line num="112" count="0" type="stmt"/>
      <line num="113" count="0" type="stmt"/>
      <line num="114" count="0" type="stmt"/>
      <line num="115" count="0" type="stmt"/>
      <line num="116" count="0" type="stmt"/>
      <line num="118" count="0" type="stmt"/>
      <line num="121" count="0" type="stmt"/>
      <line num="122" count="0" type="stmt"/>
      <line num="124" count="0" type="stmt"/>
      <line num="128" count="0" type="stmt"/>
      <line num="130" count="0" type="stmt"/>
      <line num="133" count="14" type="stmt"/>
      <line num="197" count="0" type="stmt"/>
      <line num="213" count="2" type="stmt"/>
      <line num="227" count="1" type="stmt"/>
    </file>
  </project>
</coverage>
