{"C:\\Users\\carla\\OneDrive\\Documentos\\devinhouse\\testes-unit-rios-app-avalia-aqui-frontend-back-end\\src\\pages\\FormAva.tsx": {"path":"C:\\Users\\carla\\OneDrive\\Documentos\\devinhouse\\testes-unit-rios-app-avalia-aqui-frontend-back-end\\src\\pages\\FormAva.tsx","statementMap":{"0":{"start":{"line":28,"column":26},"end":{"line":28,"column":38}},"1":{"start":{"line":29,"column":28},"end":{"line":29,"column":40}},"2":{"start":{"line":30,"column":38},"end":{"line":30,"column":50}},"3":{"start":{"line":31,"column":36},"end":{"line":31,"column":51}},"4":{"start":{"line":32,"column":34},"end":{"line":32,"column":46}},"5":{"start":{"line":33,"column":32},"end":{"line":33,"column":47}},"6":{"start":{"line":34,"column":32},"end":{"line":34,"column":54}},"7":{"start":{"line":36,"column":16},"end":{"line":36,"column":26}},"8":{"start":{"line":38,"column":51},"end":{"line":42,"column":3}},"9":{"start":{"line":44,"column":2},"end":{"line":56,"column":9}},"10":{"start":{"line":45,"column":4},"end":{"line":55,"column":9}},"11":{"start":{"line":48,"column":25},"end":{"line":50,"column":9}},"12":{"start":{"line":49,"column":27},"end":{"line":49,"column":58}},"13":{"start":{"line":51,"column":8},"end":{"line":51,"column":29}},"14":{"start":{"line":54,"column":8},"end":{"line":54,"column":57}},"15":{"start":{"line":58,"column":23},"end":{"line":77,"column":3}},"16":{"start":{"line":59,"column":4},"end":{"line":76,"column":5}},"17":{"start":{"line":61,"column":8},"end":{"line":61,"column":28}},"18":{"start":{"line":62,"column":8},"end":{"line":62,"column":14}},"19":{"start":{"line":64,"column":8},"end":{"line":64,"column":31}},"20":{"start":{"line":65,"column":8},"end":{"line":65,"column":14}},"21":{"start":{"line":67,"column":8},"end":{"line":67,"column":27}},"22":{"start":{"line":68,"column":8},"end":{"line":68,"column":14}},"23":{"start":{"line":70,"column":8},"end":{"line":70,"column":33}},"24":{"start":{"line":71,"column":8},"end":{"line":71,"column":14}},"25":{"start":{"line":73,"column":8},"end":{"line":73,"column":29}},"26":{"start":{"line":74,"column":8},"end":{"line":74,"column":14}},"27":{"start":{"line":79,"column":23},"end":{"line":131,"column":3}},"28":{"start":{"line":80,"column":4},"end":{"line":83,"column":5}},"29":{"start":{"line":81,"column":6},"end":{"line":81,"column":66}},"30":{"start":{"line":82,"column":6},"end":{"line":82,"column":13}},"31":{"start":{"line":85,"column":26},"end":{"line":88,"column":5}},"32":{"start":{"line":86,"column":20},"end":{"line":86,"column":48}},"33":{"start":{"line":87,"column":6},"end":{"line":87,"column":31}},"34":{"start":{"line":90,"column":4},"end":{"line":93,"column":5}},"35":{"start":{"line":91,"column":6},"end":{"line":91,"column":64}},"36":{"start":{"line":92,"column":6},"end":{"line":92,"column":13}},"37":{"start":{"line":95,"column":19},"end":{"line":102,"column":5}},"38":{"start":{"line":104,"column":4},"end":{"line":104,"column":21}},"39":{"start":{"line":106,"column":20},"end":{"line":106,"column":28}},"40":{"start":{"line":108,"column":4},"end":{"line":130,"column":40}},"41":{"start":{"line":111,"column":8},"end":{"line":111,"column":64}},"42":{"start":{"line":112,"column":8},"end":{"line":112,"column":20}},"43":{"start":{"line":113,"column":8},"end":{"line":113,"column":21}},"44":{"start":{"line":114,"column":8},"end":{"line":114,"column":26}},"45":{"start":{"line":115,"column":8},"end":{"line":115,"column":24}},"46":{"start":{"line":116,"column":8},"end":{"line":116,"column":28}},"47":{"start":{"line":118,"column":8},"end":{"line":125,"column":13}},"48":{"start":{"line":121,"column":29},"end":{"line":123,"column":13}},"49":{"start":{"line":122,"column":31},"end":{"line":122,"column":62}},"50":{"start":{"line":124,"column":12},"end":{"line":124,"column":33}},"51":{"start":{"line":128,"column":8},"end":{"line":128,"column":43}},"52":{"start":{"line":130,"column":21},"end":{"line":130,"column":38}},"53":{"start":{"line":133,"column":2},"end":{"line":224,"column":4}},"54":{"start":{"line":197,"column":38},"end":{"line":197,"column":57}},"55":{"start":{"line":213,"column":8},"end":{"line":221,"column":15}},"56":{"start":{"line":227,"column":15},"end":{"line":303,"column":2}}},"fnMap":{"0":{"name":"FormAva","decl":{"start":{"line":27,"column":24},"end":{"line":27,"column":31}},"loc":{"start":{"line":27,"column":49},"end":{"line":225,"column":1}},"line":27},"1":{"name":"(anonymous_1)","decl":{"start":{"line":44,"column":12},"end":{"line":44,"column":13}},"loc":{"start":{"line":44,"column":18},"end":{"line":56,"column":3}},"line":44},"2":{"name":"(anonymous_2)","decl":{"start":{"line":47,"column":12},"end":{"line":47,"column":13}},"loc":{"start":{"line":47,"column":21},"end":{"line":52,"column":7}},"line":47},"3":{"name":"(anonymous_3)","decl":{"start":{"line":49,"column":10},"end":{"line":49,"column":11}},"loc":{"start":{"line":49,"column":27},"end":{"line":49,"column":58}},"line":49},"4":{"name":"(anonymous_4)","decl":{"start":{"line":53,"column":13},"end":{"line":53,"column":14}},"loc":{"start":{"line":53,"column":22},"end":{"line":55,"column":7}},"line":53},"5":{"name":"(anonymous_5)","decl":{"start":{"line":58,"column":23},"end":{"line":58,"column":24}},"loc":{"start":{"line":58,"column":43},"end":{"line":77,"column":3}},"line":58},"6":{"name":"(anonymous_6)","decl":{"start":{"line":79,"column":23},"end":{"line":79,"column":24}},"loc":{"start":{"line":79,"column":35},"end":{"line":131,"column":3}},"line":79},"7":{"name":"(anonymous_7)","decl":{"start":{"line":85,"column":26},"end":{"line":85,"column":27}},"loc":{"start":{"line":85,"column":45},"end":{"line":88,"column":5}},"line":85},"8":{"name":"(anonymous_8)","decl":{"start":{"line":110,"column":12},"end":{"line":110,"column":13}},"loc":{"start":{"line":110,"column":18},"end":{"line":126,"column":7}},"line":110},"9":{"name":"(anonymous_9)","decl":{"start":{"line":120,"column":16},"end":{"line":120,"column":17}},"loc":{"start":{"line":120,"column":25},"end":{"line":125,"column":11}},"line":120},"10":{"name":"(anonymous_10)","decl":{"start":{"line":122,"column":14},"end":{"line":122,"column":15}},"loc":{"start":{"line":122,"column":31},"end":{"line":122,"column":62}},"line":122},"11":{"name":"(anonymous_11)","decl":{"start":{"line":127,"column":13},"end":{"line":127,"column":14}},"loc":{"start":{"line":127,"column":24},"end":{"line":129,"column":7}},"line":127},"12":{"name":"(anonymous_12)","decl":{"start":{"line":130,"column":15},"end":{"line":130,"column":16}},"loc":{"start":{"line":130,"column":21},"end":{"line":130,"column":38}},"line":130},"13":{"name":"(anonymous_13)","decl":{"start":{"line":197,"column":27},"end":{"line":197,"column":28}},"loc":{"start":{"line":197,"column":38},"end":{"line":197,"column":57}},"line":197},"14":{"name":"(anonymous_14)","decl":{"start":{"line":212,"column":19},"end":{"line":212,"column":20}},"loc":{"start":{"line":213,"column":8},"end":{"line":221,"column":15}},"line":213}},"branchMap":{"0":{"loc":{"start":{"line":59,"column":4},"end":{"line":76,"column":5}},"type":"switch","locations":[{"start":{"line":60,"column":6},"end":{"line":62,"column":14}},{"start":{"line":63,"column":6},"end":{"line":65,"column":14}},{"start":{"line":66,"column":6},"end":{"line":68,"column":14}},{"start":{"line":69,"column":6},"end":{"line":71,"column":14}},{"start":{"line":72,"column":6},"end":{"line":74,"column":14}},{"start":{"line":75,"column":6},"end":{"line":75,"column":14}}],"line":59},"1":{"loc":{"start":{"line":80,"column":4},"end":{"line":83,"column":5}},"type":"if","locations":[{"start":{"line":80,"column":4},"end":{"line":83,"column":5}},{"start":{},"end":{}}],"line":80},"2":{"loc":{"start":{"line":80,"column":8},"end":{"line":80,"column":51}},"type":"binary-expr","locations":[{"start":{"line":80,"column":8},"end":{"line":80,"column":13}},{"start":{"line":80,"column":17},"end":{"line":80,"column":23}},{"start":{"line":80,"column":27},"end":{"line":80,"column":38}},{"start":{"line":80,"column":42},"end":{"line":80,"column":51}}],"line":80},"3":{"loc":{"start":{"line":90,"column":4},"end":{"line":93,"column":5}},"type":"if","locations":[{"start":{"line":90,"column":4},"end":{"line":93,"column":5}},{"start":{},"end":{}}],"line":90},"4":{"loc":{"start":{"line":219,"column":25},"end":{"line":219,"column":57}},"type":"cond-expr","locations":[{"start":{"line":219,"column":44},"end":{"line":219,"column":49}},{"start":{"line":219,"column":52},"end":{"line":219,"column":57}}],"line":219}},"s":{"0":15,"1":14,"2":14,"3":14,"4":14,"5":14,"6":14,"7":14,"8":14,"9":14,"10":5,"11":5,"12":2,"13":5,"14":0,"15":14,"16":0,"17":0,"18":0,"19":0,"20":0,"21":0,"22":0,"23":0,"24":0,"25":0,"26":0,"27":14,"28":2,"29":2,"30":2,"31":0,"32":0,"33":0,"34":0,"35":0,"36":0,"37":0,"38":0,"39":0,"40":0,"41":0,"42":0,"43":0,"44":0,"45":0,"46":0,"47":0,"48":0,"49":0,"50":0,"51":0,"52":0,"53":14,"54":0,"55":2,"56":1},"f":{"0":15,"1":5,"2":5,"3":2,"4":0,"5":0,"6":2,"7":0,"8":0,"9":0,"10":0,"11":0,"12":0,"13":0,"14":2},"b":{"0":[0,0,0,0,0,0],"1":[2,0],"2":[2,0,0,0],"3":[0,0],"4":[2,0]},"_coverageSchema":"1a1c01bbd47fc00a2c39e90264f33305004495a9","hash":"4f075967006b4fd9e0ce9bf280d11b9cffd5cec4"}
}
