TN:
SF:src\pages\FormAva.tsx
FN:27,FormAva
FN:44,(anonymous_1)
FN:47,(anonymous_2)
FN:49,(anonymous_3)
FN:53,(anonymous_4)
FN:58,(anonymous_5)
FN:79,(anonymous_6)
FN:85,(anonymous_7)
FN:110,(anonymous_8)
FN:120,(anonymous_9)
FN:122,(anonymous_10)
FN:127,(anonymous_11)
FN:130,(anonymous_12)
FN:197,(anonymous_13)
FN:212,(anonymous_14)
FNF:15
FNH:6
FNDA:15,FormAva
FNDA:5,(anonymous_1)
FNDA:5,(anonymous_2)
FNDA:2,(anonymous_3)
FNDA:0,(anonymous_4)
FNDA:0,(anonymous_5)
FNDA:2,(anonymous_6)
FNDA:0,(anonymous_7)
FNDA:0,(anonymous_8)
FNDA:0,(anonymous_9)
FNDA:0,(anonymous_10)
FNDA:0,(anonymous_11)
FNDA:0,(anonymous_12)
FNDA:0,(anonymous_13)
FNDA:2,(anonymous_14)
DA:28,15
DA:29,14
DA:30,14
DA:31,14
DA:32,14
DA:33,14
DA:34,14
DA:36,14
DA:38,14
DA:44,14
DA:45,5
DA:48,5
DA:49,2
DA:51,5
DA:54,0
DA:58,14
DA:59,0
DA:61,0
DA:62,0
DA:64,0
DA:65,0
DA:67,0
DA:68,0
DA:70,0
DA:71,0
DA:73,0
DA:74,0
DA:79,14
DA:80,2
DA:81,2
DA:82,2
DA:85,0
DA:86,0
DA:87,0
DA:90,0
DA:91,0
DA:92,0
DA:95,0
DA:104,0
DA:106,0
DA:108,0
DA:111,0
DA:112,0
DA:113,0
DA:114,0
DA:115,0
DA:116,0
DA:118,0
DA:121,0
DA:122,0
DA:124,0
DA:128,0
DA:130,0
DA:133,14
DA:197,0
DA:213,2
DA:227,1
LF:57
LH:22
BRDA:59,0,0,0
BRDA:59,0,1,0
BRDA:59,0,2,0
BRDA:59,0,3,0
BRDA:59,0,4,0
BRDA:59,0,5,0
BRDA:80,1,0,2
BRDA:80,1,1,0
BRDA:80,2,0,2
BRDA:80,2,1,0
BRDA:80,2,2,0
BRDA:80,2,3,0
BRDA:90,3,0,0
BRDA:90,3,1,0
BRDA:219,4,0,2
BRDA:219,4,1,0
BRF:16
BRH:3
end_of_record
